2024-03-31 08:03:21,951 success fully download : ['https://open.spotify.com/track/1rUHgZy3YOrs3MarByuvJC']
2024-03-31 08:03:45,109 success fully download : ['https://open.spotify.com/track/493yZ6tjpDiUQbwnSTwMgt']
2024-03-31 08:04:06,161 success fully download : ['https://open.spotify.com/track/5luCU6jxiLqavlTWqGPqVL']
2024-03-31 08:04:27,706 success fully download : ['https://open.spotify.com/track/4novMmedjP9sZpTKO2SCr8']
2024-03-31 08:04:48,741 success fully download : ['https://open.spotify.com/track/6yyutFC7zZminBtKEUE2Bd']
2024-03-31 08:05:10,787 success fully download : ['https://open.spotify.com/track/3mnC6CoxRfv9HoA0959QFa']
2024-03-31 08:05:33,334 success fully download : ['https://open.spotify.com/track/2WGI4bWvEKOhnyWJYVzSg4']
2024-03-31 08:05:54,926 success fully download : ['https://open.spotify.com/track/5v0XqJN4DE6kVDPfsetdKR']
2024-03-31 08:06:14,401 success fully download : ['https://open.spotify.com/track/5BbdKBZO0TH0GhfxUfyhL9']
2024-03-31 08:06:33,882 success fully download : ['https://open.spotify.com/track/0ZdMGgz895CJcBzkBFzkHM']
2024-03-31 08:06:55,879 success fully download : ['https://open.spotify.com/track/1r8BiYNLCQF4TXTDnmi9Dp']
2024-03-31 08:07:19,436 success fully download : ['https://open.spotify.com/track/0fddJI7TUlS8x5hawNPkqp']
2024-03-31 08:07:40,566 success fully download : ['https://open.spotify.com/track/4ivwRlIHxSDSXen6IOnvcU']
2024-03-31 08:08:03,089 success fully download : ['https://open.spotify.com/track/7nTNse2hcRGNZEQHgRvtSM']
2024-03-31 08:08:25,157 success fully download : ['https://open.spotify.com/track/0EQo2fow71b5XtUd8wU065']
2024-03-31 08:08:47,094 success fully download : ['https://open.spotify.com/track/0XJtZuDXbGaCNIIhRz425v']
2024-03-31 08:09:08,652 success fully download : ['https://open.spotify.com/track/0NC0vmNi6F6D12KyQlOPp1']
2024-03-31 08:09:28,750 success fully download : ['https://open.spotify.com/track/2fjT5HTYHOL81Y7Iz1Q8e9']
2024-03-31 08:09:50,399 success fully download : ['https://open.spotify.com/track/5RUrVSdaXFVXjYK4lr2xf3']
2024-03-31 08:10:11,970 success fully download : ['https://open.spotify.com/track/5bDksuKhX6zM1wN9ouBWO1']
2024-03-31 08:10:35,607 success fully download : ['https://open.spotify.com/track/07TMpU96bgMQWnbKNY0sap']
2024-03-31 08:10:57,713 success fully download : ['https://open.spotify.com/track/5MuIBOPNO1mWDaEt7qBtYg']
2024-03-31 08:11:19,328 success fully download : ['https://open.spotify.com/track/7CEJH5Ed7FBbXF6CqBQPlJ']
2024-03-31 08:11:41,004 success fully download : ['https://open.spotify.com/track/39sH1HapE3v6uIthyb2KFy']
2024-03-31 08:12:02,530 success fully download : ['https://open.spotify.com/track/77XX5hXetVXqpocVnbPhzT']
2024-03-31 08:12:25,716 success fully download : ['https://open.spotify.com/track/3JfXV0Cz7XhfydszEZrLvz']
2024-03-31 08:12:47,361 success fully download : ['https://open.spotify.com/track/5o31P9xozXjfoQOaW0V0RJ']
2024-03-31 08:13:08,985 success fully download : ['https://open.spotify.com/track/07gBz157Fa1fQ5qjhLcBud']
2024-03-31 08:13:29,074 success fully download : ['https://open.spotify.com/track/5N6z4rWwioNXS6kxEsUhVW']
2024-03-31 08:13:51,081 success fully download : ['https://open.spotify.com/track/7GSlWq7g7RHCbsPMrJ0tEx']
2024-03-31 08:14:12,204 success fully download : ['https://open.spotify.com/track/0NhuiLOx2ptpPIhAERs33C']
2024-03-31 08:14:35,840 success fully download : ['https://open.spotify.com/track/4cAIfmo7P8InMxyyXsZtoM']
2024-03-31 08:14:56,897 success fully download : ['https://open.spotify.com/track/6VhP0ZCa9Zs7j16iz0fNqi']
2024-03-31 08:15:19,070 success fully download : ['https://open.spotify.com/track/6pX5OCtFjlryOeTpLWht9L']
2024-03-31 08:15:41,721 success fully download : ['https://open.spotify.com/track/5pl5zY6EgRp2dbsYFxzWbM']
2024-03-31 08:16:03,842 success fully download : ['https://open.spotify.com/track/1Z6icGTEF6VPG1FVkLQyIS']
2024-03-31 08:16:25,477 success fully download : ['https://open.spotify.com/track/0cLZTPuy1q3rJzA9IhHXaA']
2024-03-31 08:16:47,631 success fully download : ['https://open.spotify.com/track/4Gym9aGuwGulwgZqPJfqCi']
2024-03-31 08:17:13,219 success fully download : ['https://open.spotify.com/track/1H3iFlT3jKjcD92ut8LnHT']
2024-03-31 08:17:46,696 success fully download : ['https://open.spotify.com/track/2AhqNnmHOm3kwRXbmG4Buj']
2024-03-31 08:18:09,867 success fully download : ['https://open.spotify.com/track/5UlSiBRXugG8C8w96nndsr']
2024-03-31 08:18:33,053 success fully download : ['https://open.spotify.com/track/2c1m8rgZa9pAkqAWuO73NC']
2024-03-31 08:18:55,302 success fully download : ['https://open.spotify.com/track/2SkgBqfvldIf0y9LwPDFSv']
2024-03-31 08:19:17,371 success fully download : ['https://open.spotify.com/track/74j9Abd7T10mnbQq3uvgHa']
2024-03-31 08:19:39,514 success fully download : ['https://open.spotify.com/track/2nBCZ3WMQdhku15BATi0Hj']
2024-03-31 08:20:01,641 success fully download : ['https://open.spotify.com/track/7LHX7KARroiWVi4MAThhh6']
2024-03-31 08:20:24,274 success fully download : ['https://open.spotify.com/track/3tAPTN9SG6FCuVHTMwwyDG']
2024-03-31 08:20:48,458 success fully download : ['https://open.spotify.com/track/6E2oey11qMSF3WOPMUHPxl']
2024-03-31 08:21:07,636 success fully download : ['https://open.spotify.com/track/7uhuCyUgZzq2teMExWBIZk']
2024-03-31 08:21:30,250 success fully download : ['https://open.spotify.com/track/34LfKSiRgJbMDVT99DQwfI']
2024-03-31 08:21:51,344 success fully download : ['https://open.spotify.com/track/73L9J10go7Kf5yKOhCN8YU']
2024-03-31 08:22:12,450 success fully download : ['https://open.spotify.com/track/6UpO3bAhGxrsHzk41HyOJK']
2024-03-31 08:22:44,862 success fully download : ['https://open.spotify.com/track/7FbX29mSkRsAFdqKOtwshW']
2024-03-31 08:23:06,966 success fully download : ['https://open.spotify.com/track/6P5rwHPAfRrtLYAR2R0dg1']
2024-03-31 08:24:26,669 success fully download : ['https://open.spotify.com/track/5RG43IZ0rFEjPMGsw2ODD7']
2024-03-31 08:24:49,312 success fully download : ['https://open.spotify.com/track/471kvQEdU05mI2TJ0SAoNO']
2024-03-31 08:25:10,944 success fully download : ['https://open.spotify.com/track/4D1bpfLstALUXEVYccjL3E']
2024-03-31 08:25:33,094 success fully download : ['https://open.spotify.com/track/1V54k2g6vQoDLJk3gEKLHN']
2024-03-31 08:25:54,677 success fully download : ['https://open.spotify.com/track/2WmB4iiqny1iEfXMa7h4NF']
2024-03-31 08:26:17,301 success fully download : ['https://open.spotify.com/track/0rck5bL7GgwUTxsAT0URDO']
2024-03-31 08:26:39,917 success fully download : ['https://open.spotify.com/track/7B1Bnca0w2hfCb4quNWjav']
2024-03-31 08:27:01,621 success fully download : ['https://open.spotify.com/track/5rzk26aHkfJRoBqjC5MfGw']
2024-03-31 08:27:35,593 success fully download : ['https://open.spotify.com/track/3bWbBfa5yAKpall5iKaYgS']
2024-03-31 08:27:57,173 success fully download : ['https://open.spotify.com/track/7o6DlaWo2ksEWlyAKg1EZW']
2024-03-31 08:28:19,274 success fully download : ['https://open.spotify.com/track/0AM0i8gzaWLCb9KcnxmPtm']
2024-03-31 08:28:42,965 success fully download : ['https://open.spotify.com/track/0PO7M6TBV2EYlVa8edKHNH']
2024-03-31 08:29:05,550 success fully download : ['https://open.spotify.com/track/2Te9iXWPaJhU67V6Og2X7V']
2024-03-31 08:29:27,625 success fully download : ['https://open.spotify.com/track/4a1IPD9ANhNhnw0SVHJVnx']
2024-03-31 08:29:50,747 success fully download : ['https://open.spotify.com/track/073oXlVIh4rKYdgOBNr9j5']
2024-03-31 08:30:12,309 success fully download : ['https://open.spotify.com/track/2w5Km6uPUThxL6UfKWhz0d']
2024-03-31 08:30:36,052 success fully download : ['https://open.spotify.com/track/1nHMytYSkk9bmMEVa7j5bY']
2024-03-31 08:30:59,150 success fully download : ['https://open.spotify.com/track/70RUzztH81zpAMm9jbMLDi']
2024-03-31 08:31:20,189 success fully download : ['https://open.spotify.com/track/2z46qBfq56POEyndWpFAmc']
2024-03-31 08:31:44,864 success fully download : ['https://open.spotify.com/track/249g0xiWIoBaD9hWfEXF1X']
2024-03-31 08:32:07,013 success fully download : ['https://open.spotify.com/track/4dWengusJN6idp9dRYKJhu']
2024-03-31 08:32:30,711 success fully download : ['https://open.spotify.com/track/1cjmK4LqVvMRxcu5iBnncB']
2024-03-31 08:32:52,336 success fully download : ['https://open.spotify.com/track/6SVuLZuwSTf9TWeULaZHLi']
2024-03-31 08:33:14,909 success fully download : ['https://open.spotify.com/track/1RaU1RHF7WKmK70vWiWarb']
2024-03-31 08:33:37,644 success fully download : ['https://open.spotify.com/track/3qLGnjsA1Vqy8gOyxJKlbS']
2024-03-31 08:34:01,908 success fully download : ['https://open.spotify.com/track/7aGmouRIlGa893lcdx5ZQX']
2024-03-31 08:34:24,510 success fully download : ['https://open.spotify.com/track/6QD3ucuy0OPYUCTpjlXB0r']
2024-03-31 08:34:44,490 success fully download : ['https://open.spotify.com/track/6SAoc6VOdjVrAZe9R2zkVv']
2024-03-31 08:35:06,565 success fully download : ['https://open.spotify.com/track/66fjRppV4I7Buw6y1Jqcoe']
2024-03-31 08:35:28,247 success fully download : ['https://open.spotify.com/track/34OfVb8885GyOLPN1wHQ9U']
2024-03-31 08:35:49,971 success fully download : ['https://open.spotify.com/track/4mujIhmv4griuAuFBIOp9K']
2024-03-31 08:37:03,678 success fully download : ['https://open.spotify.com/track/2QKSJLc9GMrryQVT2hCSdT']
2024-03-31 08:37:25,219 success fully download : ['https://open.spotify.com/track/35tDfJl8QOSgXV2wN2B9j8']
2024-03-31 08:37:47,304 success fully download : ['https://open.spotify.com/track/5lCKA1p26RpKQc3EbDQ0MT']
2024-03-31 08:38:09,935 success fully download : ['https://open.spotify.com/track/5HfUw6L8xwfRZF6mkmOO9G']
2024-03-31 08:39:28,568 success fully download : ['https://open.spotify.com/track/3I6g9ZP5eVGbFaihTpDyFt']
2024-03-31 08:39:50,721 success fully download : ['https://open.spotify.com/track/46JleJdEFWSldFDORWV3rP']
2024-03-31 08:40:14,343 success fully download : ['https://open.spotify.com/track/2EefPdGSkB4JskQhNdmzeV']
2024-03-31 08:40:35,961 success fully download : ['https://open.spotify.com/track/0iVh9CMOrKNobLkwHaxHCK']
2024-03-31 08:40:58,628 success fully download : ['https://open.spotify.com/track/6vvJf0KEqJUvKfNPUaLdXz']
2024-03-31 08:41:22,260 success fully download : ['https://open.spotify.com/track/4laGLspUjGjh1O0AZ2tEQk']
2024-03-31 08:41:43,891 success fully download : ['https://open.spotify.com/track/2RVRSRGTWo3GdVL3gF6hF3']
2024-03-31 08:42:05,998 success fully download : ['https://open.spotify.com/track/47LCMwvDDT8dYq2Lrpgf0P']
2024-03-31 08:42:40,583 success fully download : ['https://open.spotify.com/track/3Qkf2uPVdUGbKSGwhNvXMN']
2024-03-31 08:43:03,178 success fully download : ['https://open.spotify.com/track/2IssU3kSSoDWkmQeOyegpr']
2024-03-31 08:43:24,815 success fully download : ['https://open.spotify.com/track/0iMhMxDGK3C6xOYMC7VECp']
2024-03-31 08:43:46,947 success fully download : ['https://open.spotify.com/track/3w2xWMjAYjJhwLM4VbqDLq']
2024-03-31 08:44:09,449 success fully download : ['https://open.spotify.com/track/2ohwP3qlOkaFQQMJ5AoyHz']
2024-03-31 08:44:31,535 success fully download : ['https://open.spotify.com/track/63xavd8KQ7jB1ievKEhMgP']
2024-03-31 08:44:53,203 success fully download : ['https://open.spotify.com/track/54W5vqIQDhWvFXs5gjhNez']
2024-03-31 08:45:16,794 success fully download : ['https://open.spotify.com/track/02JgSD5rGufRrYHVkGELBB']
2024-03-31 08:45:37,369 success fully download : ['https://open.spotify.com/track/2N1SyTYsvm0uLkJN9zqfzd']
2024-03-31 08:46:00,468 success fully download : ['https://open.spotify.com/track/0Bkcrm5alnH42rKsTuV84Z']
2024-03-31 08:46:22,164 success fully download : ['https://open.spotify.com/track/6WYuOvgMhrNM4L6igAkUsg']
2024-03-31 08:46:55,103 success fully download : ['https://open.spotify.com/track/1fWTkgk1b1tIcwfz47TJqG']
2024-03-31 08:47:17,786 success fully download : ['https://open.spotify.com/track/08YwOYGFPB7ltBok0WQAFF']
2024-03-31 08:47:40,431 success fully download : ['https://open.spotify.com/track/7KnZjHM4BJDfZPFadIP6W0']
2024-03-31 08:48:02,547 success fully download : ['https://open.spotify.com/track/2bkhz8WnhCECTdpBaMvBao']
2024-03-31 08:48:24,169 success fully download : ['https://open.spotify.com/track/5DonOdRr6YBxdjNU9qTADJ']
2024-03-31 08:48:48,827 success fully download : ['https://open.spotify.com/track/1SFwhGdsFAj4jo2pKCf8W2']
2024-03-31 08:49:12,010 success fully download : ['https://open.spotify.com/track/328koIBcZe6tQfPMph2f4c']
2024-03-31 08:49:32,059 success fully download : ['https://open.spotify.com/track/569QUTfnUG3WqTnyEZQewA']
2024-03-31 08:49:56,270 success fully download : ['https://open.spotify.com/track/4hPuEKXZi4wUhRyDF0Cw0t']
2024-03-31 08:50:19,385 success fully download : ['https://open.spotify.com/track/5UBvmiSmxXM5TQiqDNK40j']
2024-03-31 08:50:42,013 success fully download : ['https://open.spotify.com/track/1KYrTCOdDwi7ByYnmAOeRM']
2024-03-31 08:51:03,125 success fully download : ['https://open.spotify.com/track/3GRYbb9KX2iGeLMur4FUVs']
2024-03-31 08:51:25,287 success fully download : ['https://open.spotify.com/track/5wq6y9PbAHoaqqDVRF1ahG']
2024-03-31 08:51:47,934 success fully download : ['https://open.spotify.com/track/0GrMXzaO6JlhZCEgQUU9mS']
2024-03-31 08:52:11,604 success fully download : ['https://open.spotify.com/track/6Mu0BE5Wwt5FLRhSwrNbzy']
2024-03-31 08:52:35,266 success fully download : ['https://open.spotify.com/track/5xtsif70HK4cAYiZJiR2ah']
2024-03-31 08:52:57,912 success fully download : ['https://open.spotify.com/track/5u7YslOux9bOrxAOJ7isVr']
2024-03-31 08:53:21,086 success fully download : ['https://open.spotify.com/track/3Jih9GH6Ue5fBtJEbpqyuO']
2024-03-31 08:53:44,265 success fully download : ['https://open.spotify.com/track/6g7uqZFUxpt3MXomRctWKr']
2024-03-31 08:54:06,748 success fully download : ['https://open.spotify.com/track/5yeBI9LVVSvjAXnuxgmSXk']
2024-03-31 08:54:29,363 success fully download : ['https://open.spotify.com/track/64LM0BSU1lzGPcmeVpIXkS']
2024-03-31 08:55:05,106 success fully download : ['https://open.spotify.com/track/64ZjImn8utnCUtmUDDNWrU']
2024-03-31 08:55:29,302 success fully download : ['https://open.spotify.com/track/0gGAUJJGjtuaRA40H0O6mu']
2024-03-31 08:55:55,576 success fully download : ['https://open.spotify.com/track/3AXnDrlz04yywl39ZJ35av']
2024-03-31 08:56:18,755 success fully download : ['https://open.spotify.com/track/6YqULDkPgGJnO6lfGzUUYc']
2024-03-31 08:56:41,862 success fully download : ['https://open.spotify.com/track/2qb5W88l8o5QvhKTTvnyvV']
2024-03-31 08:57:03,966 success fully download : ['https://open.spotify.com/track/49TfHwL3SLDTZjcx3Rcfqu']
2024-03-31 08:57:26,585 success fully download : ['https://open.spotify.com/track/3OoGcs5pH79PcTeCRznJjT']
2024-03-31 08:57:46,136 success fully download : ['https://open.spotify.com/track/3bXnUAy2HtlsHmVeyQ8k4Q']
2024-03-31 08:58:07,194 success fully download : ['https://open.spotify.com/track/3Z5NT4c4itnolLk5DWW52Y']
2024-03-31 08:58:30,329 success fully download : ['https://open.spotify.com/track/28eFObdwuBVk9F2JCl2MzK']
2024-03-31 08:58:52,440 success fully download : ['https://open.spotify.com/track/1LNUBHnbT6mG5P6MrlsJ2v']
2024-03-31 08:59:15,012 success fully download : ['https://open.spotify.com/track/3VxqaMNwboWEoQCeNMYPXl']
2024-03-31 08:59:37,105 success fully download : ['https://open.spotify.com/track/6VdTz1RCyKTwwKPQKlKiCQ']
2024-03-31 08:59:58,610 success fully download : ['https://open.spotify.com/track/1WPzLuZobA2iwQ8mcL7OoW']
2024-03-31 09:00:20,228 success fully download : ['https://open.spotify.com/track/7Mw5RdOJKKhuxypP8GuPEj']
2024-03-31 09:00:41,802 success fully download : ['https://open.spotify.com/track/2sbGP8IRzU0kSCYbw8ERya']
2024-03-31 09:01:29,233 success fully download : ['https://open.spotify.com/track/6INODoR55JNdWaOYGH97uV']
2024-03-31 09:01:52,375 success fully download : ['https://open.spotify.com/track/58B5HpXA92KmAUJgeXN3rt']
2024-03-31 09:02:15,480 success fully download : ['https://open.spotify.com/track/5eD47cakdGoPPuvCQBhPeU']
2024-03-31 09:02:38,067 success fully download : ['https://open.spotify.com/track/7FsNhRMjcNxNTfSTmftsZR']
2024-03-31 09:02:58,711 success fully download : ['https://open.spotify.com/track/0qmDye81wDGBBGGlD7936J']
2024-03-31 09:03:23,961 success fully download : ['https://open.spotify.com/track/4U71YbRASCEhxEqRcME4xq']
2024-03-31 09:03:45,575 success fully download : ['https://open.spotify.com/track/4XYfkBW3s0KyT77Gdfgbkd']
2024-03-31 09:04:06,705 success fully download : ['https://open.spotify.com/track/68avCGUOhQZ0IMh6et0aXV']
2024-03-31 09:04:28,291 success fully download : ['https://open.spotify.com/track/7jWQ4T9tMiZWge0GTUPvDX']
2024-03-31 09:04:49,893 success fully download : ['https://open.spotify.com/track/5S4oUbDNhhy5y4MgLXWRBw']
2024-03-31 09:05:12,468 success fully download : ['https://open.spotify.com/track/2kY9Tk59g4BkLAZpd6kPEc']
2024-03-31 09:05:35,639 success fully download : ['https://open.spotify.com/track/2WdQlmx03Vl51Wd8OiQy5U']
2024-03-31 09:05:57,248 success fully download : ['https://open.spotify.com/track/4Bka1GmAS5nRUkwYs1s0y9']
2024-03-31 09:06:18,799 success fully download : ['https://open.spotify.com/track/14ECWudZinFYr2Mue5sy45']
2024-03-31 09:06:40,407 success fully download : ['https://open.spotify.com/track/67BPY7ijAvZR9xbn5YwF4u']
2024-03-31 09:07:03,058 success fully download : ['https://open.spotify.com/track/0PBv2vCaLkWR9qnF2XkQdX']
2024-03-31 09:07:24,674 success fully download : ['https://open.spotify.com/track/2YNzSlhscl5WAe3KMF6VYw']
2024-03-31 09:07:46,276 success fully download : ['https://open.spotify.com/track/1Cpf1vYChcsMXJZHKFmvFZ']
2024-03-31 09:08:18,734 success fully download : ['https://open.spotify.com/track/1lsz1BAOhTHtKYcxgCM6dz']
2024-03-31 09:08:39,814 success fully download : ['https://open.spotify.com/track/2WEPKZgI7xLKjecWo2KBLA']
2024-03-31 09:09:01,442 success fully download : ['https://open.spotify.com/track/6pofFbANto9tS9uf7mKVEq']
2024-03-31 09:09:22,586 success fully download : ['https://open.spotify.com/track/5tmhEqe8Z1RNwtum6u1jQf']
2024-03-31 09:09:45,071 success fully download : ['https://open.spotify.com/track/18mCxQPH0YboNX8eatgy4i']
2024-03-31 09:10:07,107 success fully download : ['https://open.spotify.com/track/1H6kHbvIA90MkbgdQcSj8F']
2024-03-31 09:10:28,127 success fully download : ['https://open.spotify.com/track/2ib0GxE5C0OGjvcovmYYB3']
2024-03-31 09:10:48,231 success fully download : ['https://open.spotify.com/track/50TcAEUd2d6p6G1DosCe3W']
2024-03-31 09:11:09,860 success fully download : ['https://open.spotify.com/track/2vQO6XzQk3Lpsf6GexiB2G']
2024-03-31 09:11:31,502 success fully download : ['https://open.spotify.com/track/0OlUs78LufY9hClXRZtMvR']
2024-03-31 09:11:53,609 success fully download : ['https://open.spotify.com/track/52LNKjSrOxyTlwS4cHyO3R']
2024-03-31 09:12:14,212 success fully download : ['https://open.spotify.com/track/6DueLhn2aQnSTpT9M6GNTh']
2024-03-31 09:12:36,301 success fully download : ['https://open.spotify.com/track/2ca180l4k3E2PI57xTW58r']
2024-03-31 09:12:57,369 success fully download : ['https://open.spotify.com/track/0vS4XoJamx9BfdWZ1PMudE']
2024-03-31 09:13:17,965 success fully download : ['https://open.spotify.com/track/2Uc7z4uePWMucybFZWuj98']
2024-03-31 09:13:38,606 success fully download : ['https://open.spotify.com/track/0Q9mPFYe0ItFHZl1bTIQ4y']
2024-03-31 09:13:59,228 success fully download : ['https://open.spotify.com/track/7m4l3nCjEps6e5oYvTmC6h']
2024-03-31 09:14:19,288 success fully download : ['https://open.spotify.com/track/1W0ABdqF6JWOn0ASf8hCWV']
2024-03-31 09:14:40,388 success fully download : ['https://open.spotify.com/track/6qz6lj5L5uq4CS1s5GGX5m']
2024-03-31 09:15:01,949 success fully download : ['https://open.spotify.com/track/0HP2pehjd1cD8sn3yEEWBY']
2024-03-31 09:15:23,495 success fully download : ['https://open.spotify.com/track/4Of9LagBBUzqfSBoYEpP2y']
2024-03-31 09:15:44,575 success fully download : ['https://open.spotify.com/track/3JV5Oyn6JiBKzWyjwtPLRW']
2024-03-31 09:16:06,196 success fully download : ['https://open.spotify.com/track/0P07fIZiUR8JGIGH6sWePy']
2024-03-31 09:16:26,738 success fully download : ['https://open.spotify.com/track/1lNfJKGvFrZwQkNaVFwcGQ']
2024-03-31 09:16:47,793 success fully download : ['https://open.spotify.com/track/5AWbK7rEjfocqQ4k6hrdbI']
2024-03-31 09:17:08,869 success fully download : ['https://open.spotify.com/track/21Gcdz5ZTVUeafIUmPxVfP']
2024-03-31 09:17:31,457 success fully download : ['https://open.spotify.com/track/4psQYRyFVGT8SYjEAe3l3F']
2024-03-31 09:17:53,594 success fully download : ['https://open.spotify.com/track/26zPMUMiClvxdJVIrqpQie']
2024-03-31 09:18:14,221 success fully download : ['https://open.spotify.com/track/2tZrHRwTvWtCTn5k0YqzTf']
2024-03-31 09:18:34,254 success fully download : ['https://open.spotify.com/track/2SEme9FFncoInpZ9yc4Aen']
2024-03-31 09:18:56,341 success fully download : ['https://open.spotify.com/track/2SRIJEb9LVxbAQeCkYVarQ']
2024-03-31 09:19:17,966 success fully download : ['https://open.spotify.com/track/3CUHuDLP2vseWDpzY9w9Os']
2024-03-31 09:19:51,974 success fully download : ['https://open.spotify.com/track/0dUtTL7nzR2oRTvQr3RfEc']
2024-03-31 09:20:12,535 success fully download : ['https://open.spotify.com/track/5eYN9PtGn4VZCH5zRsi2iY']
2024-03-31 09:24:06,784 success fully download : ['https://open.spotify.com/track/140V8SoeE6zt8X0CbMaXxc']
2024-03-31 09:24:27,879 success fully download : ['https://open.spotify.com/track/6pKgrE3hMGngkPXOezwbHu']
2024-03-31 09:24:49,527 success fully download : ['https://open.spotify.com/track/6aotU0PNXBicjYGpG5bQ2W']
2024-03-31 09:26:52,756 success fully download : ['https://open.spotify.com/track/6EGCdxXaxC24uMJ0eIApIm']
2024-03-31 09:27:13,421 success fully download : ['https://open.spotify.com/track/13Tdn3szMJFC7AdqLFWt4g']
2024-03-31 09:27:34,195 success fully download : ['https://open.spotify.com/track/0B1tvqQKxXFeVY05QRii1P']
2024-03-31 09:29:36,935 success fully download : ['https://open.spotify.com/track/7KXDcoL0cxxGf75QTj3odU']
2024-03-31 09:30:04,223 success fully download : ['https://open.spotify.com/track/41Alg2XI977xb1KNgiSx0P']
2024-03-31 09:32:16,597 success fully download : ['https://open.spotify.com/track/6Gn0DbZbeHPeOJatodej5I']
2024-03-31 09:34:29,528 success fully download : ['https://open.spotify.com/track/1O2m8YuvBdYJtIGwsdQS8U']
2024-03-31 09:36:22,086 success fully download : ['https://open.spotify.com/track/2VJyFjMcy8cKrPxXehCdjl']
2024-03-31 09:36:43,710 success fully download : ['https://open.spotify.com/track/2pigT5IZv6uJ3b6J5lM8Zo']
2024-03-31 09:37:05,730 success fully download : ['https://open.spotify.com/track/5roeso4ZsrAm7GBuGOJoC2']
2024-03-31 09:37:26,836 success fully download : ['https://open.spotify.com/track/1EUlWSq7TJMOQTqpVykGR8']
2024-03-31 09:37:48,453 success fully download : ['https://open.spotify.com/track/6qaxCGKs8TooSKfSGMF64U']
2024-03-31 09:38:10,497 success fully download : ['https://open.spotify.com/track/3BZ33vVrUlil6Wz5wPeOcH']
2024-03-31 09:38:35,722 success fully download : ['https://open.spotify.com/track/0ngtfliDVHgw2DPXptCTmq']
2024-03-31 09:38:57,808 success fully download : ['https://open.spotify.com/track/7Bk8Qu1UTppZVhgUONIMql']
2024-03-31 09:39:21,435 success fully download : ['https://open.spotify.com/track/6IFJYOU7oKr0zkIJcDrm7E']
2024-03-31 09:39:43,087 success fully download : ['https://open.spotify.com/track/6hagA47DyP2DqLGumKM0Ds']
2024-03-31 09:40:03,148 success fully download : ['https://open.spotify.com/track/0aLqernu9PUEyliRg1osNg']
2024-03-31 09:40:25,199 success fully download : ['https://open.spotify.com/track/67Od7jcYP8XKBEFtLAE5tc']
2024-03-31 09:40:46,772 success fully download : ['https://open.spotify.com/track/6Ysrl317Q3su3OkpLeJVnG']
2024-03-31 09:41:12,562 success fully download : ['https://open.spotify.com/track/5DO7skz6lsmO2Eg1omE1Jk']
2024-03-31 09:41:34,694 success fully download : ['https://open.spotify.com/track/1cwwVbH6taGULi2dOavl9A']
2024-03-31 09:41:56,783 success fully download : ['https://open.spotify.com/track/48o0fCRvWCV4Dxt8Ol39pH']
2024-03-31 09:42:17,544 success fully download : ['https://open.spotify.com/track/4zG1APIwi9RGYqhjitkB9F']
2024-03-31 09:42:38,180 success fully download : ['https://open.spotify.com/track/0SXKvUJNVqXt6CawGEdaHh']
2024-03-31 09:42:58,794 success fully download : ['https://open.spotify.com/track/2C0bOPFHZpcySVQlCawVWm']
2024-03-31 09:43:20,961 success fully download : ['https://open.spotify.com/track/5tvVVnVFA486pGDRzA54Ak']
2024-03-31 09:43:41,561 success fully download : ['https://open.spotify.com/track/69UaEAU2qM9CiOBKVgzHxx']
2024-03-31 09:44:03,928 success fully download : ['https://open.spotify.com/track/5wNTltqEjtKaGmXqDjpnZi']
2024-03-31 09:44:25,952 success fully download : ['https://open.spotify.com/track/7nke7Q7jh2g1gnq1gKPRoe']
2024-03-31 09:44:44,968 success fully download : ['https://open.spotify.com/track/2CjiUqi73ciYJDJSYBrlqP']
2024-03-31 09:45:06,070 success fully download : ['https://open.spotify.com/track/0Et4haPz6GUnjS5dpiy9i2']
2024-03-31 09:45:28,202 success fully download : ['https://open.spotify.com/track/7iNmZ9wZxjQmJLqQ4PjD0x']
2024-03-31 09:45:53,947 success fully download : ['https://open.spotify.com/track/4bahrr7XMhFgZ69hQFehzi']
2024-03-31 09:46:15,577 success fully download : ['https://open.spotify.com/track/3yfGufgI9MTWFhV5L5VSqP']
2024-03-31 09:46:39,740 success fully download : ['https://open.spotify.com/track/5vdc9XXQf5yEtqeyvvtDoX']
2024-03-31 09:47:02,834 success fully download : ['https://open.spotify.com/track/7tCtV8LUalosEgfqLg93uW']
2024-03-31 09:47:22,840 success fully download : ['https://open.spotify.com/track/57xKyPEId2fTZjSv5tek26']
2024-03-31 09:47:55,742 success fully download : ['https://open.spotify.com/track/3g5ux2FsuMoF1QFCJpBUo5']
2024-03-31 09:48:19,379 success fully download : ['https://open.spotify.com/track/6arAjuNdQKBBcaa6Ozkjr5']
2024-03-31 09:48:41,343 success fully download : ['https://open.spotify.com/track/6VlGmtWqY9EQLCVPmTmkRj']
2024-03-31 09:49:03,464 success fully download : ['https://open.spotify.com/track/6nM0Mxdc0VUTzqbBY0wk4H']
2024-03-31 09:49:24,567 success fully download : ['https://open.spotify.com/track/5N4YsafxjLhZhJtOoDlBU5']
2024-03-31 09:49:45,641 success fully download : ['https://open.spotify.com/track/5EglYkTXcbwndDeUTUM7Td']
2024-03-31 09:50:07,599 success fully download : ['https://open.spotify.com/track/19D4LnPZrOGwXLM4TW2ArO']
2024-03-31 09:50:29,698 success fully download : ['https://open.spotify.com/track/0t2BnLwIpF3kKB9XvFqcMS']
2024-03-31 09:50:50,821 success fully download : ['https://open.spotify.com/track/6IUHcXxOZpPKPzt8IVg7bv']
2024-03-31 09:51:13,400 success fully download : ['https://open.spotify.com/track/2EtLw937H91M9tb9eKngRF']
2024-03-31 09:51:45,853 success fully download : ['https://open.spotify.com/track/3a10dCqy1uBdMnekoMwDY7']
2024-03-31 09:52:07,477 success fully download : ['https://open.spotify.com/track/1r2mef8nQFVUZjyBalNNhW']
2024-03-31 09:52:28,511 success fully download : ['https://open.spotify.com/track/15Wr16fDha5kBhznv5YfRO']
2024-03-31 09:52:50,632 success fully download : ['https://open.spotify.com/track/0gDQ5cIE3a8ATA2uhRchWr']
2024-03-31 09:53:12,829 success fully download : ['https://open.spotify.com/track/1RSFwVzCHU9WHuD1Kt3wkC']
2024-03-31 09:53:35,608 success fully download : ['https://open.spotify.com/track/50RhEzpFd5rmgl97y4Wnd7']
2024-03-31 09:53:57,780 success fully download : ['https://open.spotify.com/track/2GQmpsFvwOhwLCimR4MAAk']
2024-03-31 09:54:18,863 success fully download : ['https://open.spotify.com/track/7pUF5MhkVnFXKrkKCY9Bri']
2024-03-31 09:54:39,504 success fully download : ['https://open.spotify.com/track/70wRKg4dEggSHZtJ5BOBiL']
2024-03-31 09:55:05,725 success fully download : ['https://open.spotify.com/track/0YaxhVjqnUdpF6f0vKw6QH']
2024-03-31 09:55:27,326 success fully download : ['https://open.spotify.com/track/6gTUZ57GqSTZIT2Nx0gWkb']
2024-03-31 09:55:48,421 success fully download : ['https://open.spotify.com/track/2RuUIB68QporJ9ilCGkaF6']
2024-03-31 09:56:09,994 success fully download : ['https://open.spotify.com/track/1OmpAONe2EtiEDcBc7z6uz']
2024-03-31 09:56:31,124 success fully download : ['https://open.spotify.com/track/5C26ZJC38397WEYMhxcAyh']
2024-03-31 09:56:52,171 success fully download : ['https://open.spotify.com/track/7AHHfDcLfEQwK1th9L2u8P']
2024-03-31 09:57:13,727 success fully download : ['https://open.spotify.com/track/618sbGiyVgvPvuoywcFcvW']
2024-03-31 09:57:35,956 success fully download : ['https://open.spotify.com/track/1KbVLE6xUixeEGCynLuLQR']
2024-03-31 09:57:57,524 success fully download : ['https://open.spotify.com/track/4VNGYdH77hfnVSc6MYrWV9']
2024-03-31 09:58:18,133 success fully download : ['https://open.spotify.com/track/2vS063haJoKqtZbQKMC5Q1']
2024-03-31 09:58:40,245 success fully download : ['https://open.spotify.com/track/1ksEA06A8v38YvMTCoaOgh']
2024-03-31 09:59:01,364 success fully download : ['https://open.spotify.com/track/69moYwyflpHf290OG05EBt']
2024-03-31 09:59:22,422 success fully download : ['https://open.spotify.com/track/5C2eM4aza8imtp5FUtpLhj']
2024-03-31 09:59:44,011 success fully download : ['https://open.spotify.com/track/0V9N9NpTe8rBxh00SK5ghA']
2024-03-31 10:00:04,657 success fully download : ['https://open.spotify.com/track/4XfImWpKCckmDc4tRqEyIR']
2024-03-31 10:01:07,173 success fully download : ['https://open.spotify.com/track/0o20FSM8CH6vk2k1NYpSER']
2024-03-31 10:01:29,304 success fully download : ['https://open.spotify.com/track/6u95YAbxGCshAgiqlZRFvN']
2024-03-31 10:01:50,971 success fully download : ['https://open.spotify.com/track/5MrJiv4t8TrPlsiCtk89ur']
2024-03-31 10:02:13,061 success fully download : ['https://open.spotify.com/track/0rZ8Wpwd2sKo5tv6doZWxa']
2024-03-31 10:02:34,099 success fully download : ['https://open.spotify.com/track/5I79GNku8Oa7dhfM9ZOmuZ']
2024-03-31 10:03:07,152 success fully download : ['https://open.spotify.com/track/0HxhSARtotxxCIabBZzz4e']
2024-03-31 10:03:30,328 success fully download : ['https://open.spotify.com/track/2lVLIKpuVtZnAV4vkkeHvr']
2024-03-31 10:03:53,439 success fully download : ['https://open.spotify.com/track/45lzMXVHXToapMnGyKMCyB']
2024-03-31 10:04:15,644 success fully download : ['https://open.spotify.com/track/0lAIkclakUjPb15oPEAusC']
2024-03-31 10:04:36,749 success fully download : ['https://open.spotify.com/track/3fsXwdXIISuf3rS0CTYVCp']
2024-03-31 10:04:58,851 success fully download : ['https://open.spotify.com/track/7FCfnZjDZHhI2eNqsDorcu']
2024-03-31 10:05:19,944 success fully download : ['https://open.spotify.com/track/2NVFJF2d5vY46rc8zCUDzM']
2024-03-31 10:05:42,576 success fully download : ['https://open.spotify.com/track/5ERgxRwzApwW4pkVooAHJH']
2024-03-31 10:06:04,737 success fully download : ['https://open.spotify.com/track/4sj4TMUHHRYV2Kvb9aPSIb']
2024-03-31 10:06:27,912 success fully download : ['https://open.spotify.com/track/5IdzhiIoGFVOkSKHyglOta']
2024-03-31 10:06:59,315 success fully download : ['https://open.spotify.com/track/5uupHdWWAMC5eUQvITMwLe']
2024-03-31 10:07:21,135 success fully download : ['https://open.spotify.com/track/0jrlrUyOde7JG6yuaPq514']
2024-03-31 10:07:44,235 success fully download : ['https://open.spotify.com/track/3YPophWkaPHsxZwyCDeHCE']
2024-03-31 10:08:07,388 success fully download : ['https://open.spotify.com/track/7ecxRNxyHvfr3IcBE0pxur']
2024-03-31 10:08:28,988 success fully download : ['https://open.spotify.com/track/6VPzN9cxncE33hdEsQh4eR']
2024-03-31 10:08:49,586 success fully download : ['https://open.spotify.com/track/2C3PGjmii2ClDPU92HXP2G']
2024-03-31 10:09:10,142 success fully download : ['https://open.spotify.com/track/3zjxHcCNv4mw0eoWq8Cumt']
2024-03-31 10:09:30,688 success fully download : ['https://open.spotify.com/track/5BbgeRc7CxYnOMPqrsI9Cz']
2024-03-31 10:09:51,783 success fully download : ['https://open.spotify.com/track/2huWYlIYhfqQRx4P5x2xai']
2024-03-31 10:10:16,082 success fully download : ['https://open.spotify.com/track/1IgQi70kCr8w6SteXgA8xl']
2024-03-31 10:10:38,703 success fully download : ['https://open.spotify.com/track/6okJyL8785Vg9UXsOAxQGr']
2024-03-31 10:11:00,781 success fully download : ['https://open.spotify.com/track/7iAzghL5vVwumx9jONI3jH']
2024-03-31 10:11:21,924 success fully download : ['https://open.spotify.com/track/5SX8Eqoqcn5gZGQ3bnPiNh']
2024-03-31 10:11:43,486 success fully download : ['https://open.spotify.com/track/2SvqxhxJNSkoZtCnslGOAV']
2024-03-31 10:12:06,119 success fully download : ['https://open.spotify.com/track/3Bga6UWPipOwVQG6WMOzqJ']
2024-03-31 10:12:27,229 success fully download : ['https://open.spotify.com/track/7mSrNANcVFJxhGUvVrfX7p']
2024-03-31 10:12:47,880 success fully download : ['https://open.spotify.com/track/02TRw2Vdn01iVENaKg6Ra1']
2024-03-31 10:13:08,972 success fully download : ['https://open.spotify.com/track/1PFS376Co8peV2vC9eposX']
2024-03-31 10:13:28,967 success fully download : ['https://open.spotify.com/track/4K09vJ27xCOreumtSuU6Ao']
2024-03-31 10:13:51,113 success fully download : ['https://open.spotify.com/track/4pryE6cN2gFL1FVF5fYINl']
2024-03-31 10:14:13,810 success fully download : ['https://open.spotify.com/track/7suB6D6uKX5DfPukdGaz0W']
2024-03-31 10:14:38,050 success fully download : ['https://open.spotify.com/track/6jGAh1bFnXt1Muj9zeHveZ']
2024-03-31 10:15:00,083 success fully download : ['https://open.spotify.com/track/1oERlssLrpssCAY6Yqqs6c']
2024-03-31 10:15:22,277 success fully download : ['https://open.spotify.com/track/5lka5RUbLVQGO94mKAPMRO']
2024-03-31 10:15:44,024 success fully download : ['https://open.spotify.com/track/2K6vUau7bnZUamjbRSOOvJ']
2024-03-31 10:16:05,671 success fully download : ['https://open.spotify.com/track/3WTWh2WDk4j8GUCGj4xfOd']
2024-03-31 10:16:28,794 success fully download : ['https://open.spotify.com/track/2ALh2jqA7KldpHMUHvRomw']
2024-03-31 10:16:51,451 success fully download : ['https://open.spotify.com/track/2NqyjfDXy0XfXCSPXMsKzi']
2024-03-31 10:17:13,086 success fully download : ['https://open.spotify.com/track/6b8Be6ljOzmkOmFslEb23P']
2024-03-31 10:17:34,239 success fully download : ['https://open.spotify.com/track/0mBKv9DkYfQHjdMcw2jdyI']
2024-03-31 10:17:56,904 success fully download : ['https://open.spotify.com/track/1I6pKIyaBp4OebTGLJpCCC']
2024-03-31 10:18:18,513 success fully download : ['https://open.spotify.com/track/0KKkJNfGyhkQ5aFogxQAPU']
2024-03-31 10:18:40,657 success fully download : ['https://open.spotify.com/track/0kN8xEmgMW9mh7UmDYHlJP']
2024-03-31 10:19:04,385 success fully download : ['https://open.spotify.com/track/2mrZYZGmPFV3QOyYPZ1zsn']
2024-03-31 10:19:28,025 success fully download : ['https://open.spotify.com/track/6ObpR8ek44tvWefQRcSo8K']
2024-03-31 10:19:50,183 success fully download : ['https://open.spotify.com/track/5XMkENs3GfeRza8MfVAhjK']
2024-03-31 10:20:14,374 success fully download : ['https://open.spotify.com/track/0B0tYbVp7pDQAqKDhgMeaL']
2024-03-31 10:20:36,072 success fully download : ['https://open.spotify.com/track/3G5iN5QBqMeXx3uZPy8tgB']
2024-03-31 10:20:57,694 success fully download : ['https://open.spotify.com/track/3w3y8KPTfNeOKPiqUTakBh']
2024-03-31 10:21:22,407 success fully download : ['https://open.spotify.com/track/2ih2U8ttFzCjnQ5njF3SrR']
2024-03-31 10:21:44,674 success fully download : ['https://open.spotify.com/track/55h7vJchibLdUkxdlX3fK7']
2024-03-31 10:22:06,853 success fully download : ['https://open.spotify.com/track/30raivfq7rSt5nKltiHfzG']
2024-03-31 10:22:28,477 success fully download : ['https://open.spotify.com/track/0nJW01T7XtvILxQgC5J7Wh']
2024-03-31 10:22:49,038 success fully download : ['https://open.spotify.com/track/0inMKhbKWOTDA9UBUAKoU6']
2024-03-31 10:23:10,076 success fully download : ['https://open.spotify.com/track/2tCPIp83mRXvVTytTAf1W4']
2024-03-31 10:23:32,689 success fully download : ['https://open.spotify.com/track/6FPQabaldvKE5cjqRfY9Os']
2024-03-31 10:24:09,884 success fully download : ['https://open.spotify.com/track/7lXOqE38eCr979gp27O5wr']
2024-03-31 10:24:32,138 success fully download : ['https://open.spotify.com/track/2tJulUYLDKOg9XrtVkMgcJ']
2024-03-31 10:24:53,747 success fully download : ['https://open.spotify.com/track/7BqBn9nzAq8spo5e7cZ0dJ']
2024-03-31 10:25:15,861 success fully download : ['https://open.spotify.com/track/5BmKRyAjCnvkko7Ms00YtA']
2024-03-31 10:25:36,689 success fully download : ['https://open.spotify.com/track/5MMLS3xm12D7N26xlfFApr']
2024-03-31 10:26:51,766 success fully download : ['https://open.spotify.com/track/161DnLWsx1i3u1JT05lzqU']
2024-03-31 10:27:14,451 success fully download : ['https://open.spotify.com/track/4KykoaJQ5UxjCpp3lYkvTE']
2024-03-31 10:27:35,064 success fully download : ['https://open.spotify.com/track/7l1qvxWjxcKpB9PCtBuTbU']
2024-03-31 10:27:57,699 success fully download : ['https://open.spotify.com/track/0HasfWMrNxTjycDy9TkRtA']
2024-03-31 10:28:20,327 success fully download : ['https://open.spotify.com/track/60gTdTwaNtGAzIxKfeGVfJ']
2024-03-31 10:28:43,009 success fully download : ['https://open.spotify.com/track/1Ffw1qFqCw2IaozOJ5mL2O']
2024-03-31 10:29:05,148 success fully download : ['https://open.spotify.com/track/4SaGaLbcshvQ4admgCkYdP']
2024-03-31 10:29:27,704 success fully download : ['https://open.spotify.com/track/6EbduYTr62sSzvl36wWiFM']
2024-03-31 10:29:49,342 success fully download : ['https://open.spotify.com/track/0PG9fbaaHFHfre2gUVo7AN']
2024-03-31 10:30:10,987 success fully download : ['https://open.spotify.com/track/0QIjsbm2fh1cJ45XO9eGqq']
2024-03-31 10:30:31,674 success fully download : ['https://open.spotify.com/track/04OERuULAbFq54j25v5dZ4']
2024-03-31 10:30:52,783 success fully download : ['https://open.spotify.com/track/5LgFeUn0Jx8UVkPlrMbTOc']
2024-03-31 10:31:14,876 success fully download : ['https://open.spotify.com/track/02iXInevQEAlihE3IPF0eh']
2024-03-31 10:31:35,618 success fully download : ['https://open.spotify.com/track/4YYiMntfVwZDlBGbjOgpHM']
2024-03-31 10:31:56,257 success fully download : ['https://open.spotify.com/track/0AGGcEktaHHagASHGo9vOL']
2024-03-31 10:32:17,364 success fully download : ['https://open.spotify.com/track/2I2Rc454u7x1HU1jQI9IcX']
2024-03-31 10:32:38,984 success fully download : ['https://open.spotify.com/track/3bRv5nA6IUJLgYvYhOWIIW']
2024-03-31 10:33:00,114 success fully download : ['https://open.spotify.com/track/3CAguIdQ7njbszG6wgFPQ0']
2024-03-31 10:33:21,691 success fully download : ['https://open.spotify.com/track/0S7pUii7NaoingkIzOpeU0']
2024-03-31 10:33:43,266 success fully download : ['https://open.spotify.com/track/41IqBtlzHxkHcfadVIO3HZ']
2024-03-31 10:34:03,348 success fully download : ['https://open.spotify.com/track/7i97yKNA0GeqznLtiveiR1']
2024-03-31 10:34:25,015 success fully download : ['https://open.spotify.com/track/7dt0ph2OjBwUF7A14uQ0Qg']
2024-03-31 10:34:48,660 success fully download : ['https://open.spotify.com/track/5NakZCSdTogIXQFv3qzMBh']
2024-03-31 10:35:09,797 success fully download : ['https://open.spotify.com/track/2BnsAfvm50ZO5TPmxk00Xz']
2024-03-31 10:35:31,331 success fully download : ['https://open.spotify.com/track/2RAQXihpu5cCDiHOFHWThU']
2024-03-31 10:35:53,419 success fully download : ['https://open.spotify.com/track/4xa2WP1F4EWdY3bzL7ZVlP']
2024-03-31 10:36:15,537 success fully download : ['https://open.spotify.com/track/7jSHVA7nBHkEU4rdmo59vj']
2024-03-31 10:36:36,664 success fully download : ['https://open.spotify.com/track/1tvR6LSVIHfpK2JXt8XzfC']
2024-03-31 10:36:57,766 success fully download : ['https://open.spotify.com/track/3Nme03fe7NsuCC9Ti7IOlC']
2024-03-31 10:37:19,382 success fully download : ['https://open.spotify.com/track/6qgGxPKGaRFq2tRWrPZYTP']
2024-03-31 10:37:41,152 success fully download : ['https://open.spotify.com/track/7ykccNeLmpKkIz4mE5DYL2']
2024-03-31 10:38:02,754 success fully download : ['https://open.spotify.com/track/32T9ZI0chYwNLltXPf9USl']
2024-03-31 10:38:23,898 success fully download : ['https://open.spotify.com/track/4YCSqw3mQcGJuahrGMHGEs']
2024-03-31 10:38:45,068 success fully download : ['https://open.spotify.com/track/3fXJCt84jNzuRXc0RuiGAX']
2024-03-31 10:39:07,195 success fully download : ['https://open.spotify.com/track/6Esg8VjLoCjRTIWi8kUuUl']
2024-03-31 10:39:28,767 success fully download : ['https://open.spotify.com/track/0LEX9nilrhmrDDh0emyd8P']
2024-03-31 10:39:49,896 success fully download : ['https://open.spotify.com/track/4lgd3wAqUQ8NxtLPBXShNm']
2024-03-31 10:40:12,019 success fully download : ['https://open.spotify.com/track/2k3xLkjm11ZdyBzl74yjYf']
2024-03-31 10:40:33,080 success fully download : ['https://open.spotify.com/track/415tMVcbwKrw15L0UGMaOu']
2024-03-31 10:40:56,554 success fully download : ['https://open.spotify.com/track/5IjyjbgvcdR3IxHM6wLYoz']
2024-03-31 10:41:20,276 success fully download : ['https://open.spotify.com/track/3Tsjo1j0Xr8qwp9nB5LBIh']
2024-03-31 10:41:41,973 success fully download : ['https://open.spotify.com/track/02kxvZJdUO5QsvkPvforHA']
2024-03-31 10:42:03,043 success fully download : ['https://open.spotify.com/track/71KzTOGjdI3C573zD2Wr1u']
2024-03-31 10:42:24,174 success fully download : ['https://open.spotify.com/track/5m9WD10GxSovbiMBpspWsu']
2024-03-31 10:42:44,766 success fully download : ['https://open.spotify.com/track/0vVJbZ9xRVwf7l574wNcWr']
2024-03-31 10:43:05,826 success fully download : ['https://open.spotify.com/track/2zes2vAjFYs8LO2dwnlw0V']
2024-03-31 10:43:28,457 success fully download : ['https://open.spotify.com/track/6Ea4EQHs2GrbrFYURHeXJm']
2024-03-31 10:43:49,036 success fully download : ['https://open.spotify.com/track/7pmNIRfCcKYwVFxJnbQR0P']
2024-03-31 10:44:09,608 success fully download : ['https://open.spotify.com/track/6mdsXyNxq3w5xjsvGGqX25']
2024-03-31 10:44:32,165 success fully download : ['https://open.spotify.com/track/6LfTybfRFtxAsQv79Gydmt']
2024-03-31 10:44:53,744 success fully download : ['https://open.spotify.com/track/0XghnCqZsUZT6tTftMCIyg']
2024-03-31 10:45:14,917 success fully download : ['https://open.spotify.com/track/5ulrOvKNvFj5UyMwNoLkdM']
2024-03-31 10:45:36,730 success fully download : ['https://open.spotify.com/track/5vcCjFpa6Ur4Kp3hthkqpi']
2024-03-31 10:45:57,848 success fully download : ['https://open.spotify.com/track/3gU7Pr1I4plN6QSxF6jFh3']
2024-03-31 10:46:19,564 success fully download : ['https://open.spotify.com/track/2sLjqYdcjuR5MJ72SFp7LK']
2024-03-31 10:46:41,590 success fully download : ['https://open.spotify.com/track/2choJMmXKvG4J06tcIqbKB']
2024-03-31 10:47:02,099 success fully download : ['https://open.spotify.com/track/60nKEkH2lkerMu7Bbzclby']
2024-03-31 10:47:23,119 success fully download : ['https://open.spotify.com/track/2s72LEbPJgN1paU8o1avx9']
2024-03-31 10:47:44,278 success fully download : ['https://open.spotify.com/track/22Ky1la07M3LnTY7zzmmQb']
2024-03-31 10:48:06,367 success fully download : ['https://open.spotify.com/track/4bjaSLuHCOuxPG9hC1UYI5']
2024-03-31 10:48:29,034 success fully download : ['https://open.spotify.com/track/6W0VrzKl35wZBBcaQP8bIe']
2024-03-31 10:48:50,141 success fully download : ['https://open.spotify.com/track/1XXVVXPlxDqS3jeeW47fwk']
2024-03-31 10:49:11,214 success fully download : ['https://open.spotify.com/track/4jIg29qyQ4pGeTB7tYFn6R']
2024-03-31 10:49:32,277 success fully download : ['https://open.spotify.com/track/4s3YewMXYLSYuoIbLYmjbp']
2024-03-31 10:49:53,447 success fully download : ['https://open.spotify.com/track/7J6G8AbQEsvyRZNlpJSjkV']
2024-03-31 10:50:15,058 success fully download : ['https://open.spotify.com/track/4OAHbSV9WdFoCbYSfOY6De']
2024-03-31 10:50:36,558 success fully download : ['https://open.spotify.com/track/34SfpDXMOEGl4eLpwuYCR5']
2024-03-31 10:50:57,400 success fully download : ['https://open.spotify.com/track/2w0CksibLs7X1uk08lxITy']
2024-03-31 10:51:18,998 success fully download : ['https://open.spotify.com/track/4lC5QvibIYUofp4nQmZpQp']
2024-03-31 10:51:40,177 success fully download : ['https://open.spotify.com/track/4VRHVy4I81QaCppNCXpG3i']
2024-03-31 10:52:01,767 success fully download : ['https://open.spotify.com/track/5L9wyWFzwKP6rX2JrJ6nIi']
2024-03-31 10:52:23,908 success fully download : ['https://open.spotify.com/track/7pu5iil9z2eqqAe8z4I53o']
2024-03-31 10:52:45,104 success fully download : ['https://open.spotify.com/track/2DAOsArEfu64vKeicjlUiE']
2024-03-31 10:53:05,714 success fully download : ['https://open.spotify.com/track/70e7km5pOgcIWbLu1dKbFa']
2024-03-31 10:53:27,318 success fully download : ['https://open.spotify.com/track/6OFeW7smNQqrIMfYlMSUdD']
2024-03-31 10:53:48,954 success fully download : ['https://open.spotify.com/track/4X6RWIZaY9jtqfp8lXX7sa']
2024-03-31 10:54:12,089 success fully download : ['https://open.spotify.com/track/6MXlAZuSUsbKAN68ErtWj5']
2024-03-31 10:54:33,426 success fully download : ['https://open.spotify.com/track/2PwB6GOxSbg35yonD5Pyhf']
2024-03-31 10:54:54,585 success fully download : ['https://open.spotify.com/track/7dyN1f4F5SulsWVhTb9QgE']
2024-03-31 10:55:15,708 success fully download : ['https://open.spotify.com/track/7ancvwiSHq5uQSUCxW6IFY']
2024-03-31 10:55:37,366 success fully download : ['https://open.spotify.com/track/0eaVIYo2zeOaGJeqZ5TwYz']
2024-03-31 10:55:58,951 success fully download : ['https://open.spotify.com/track/6w9GrSUaQQIaMBYtabge7p']
2024-03-31 10:56:18,992 success fully download : ['https://open.spotify.com/track/1g4DPOlfsDTIzq9fTU2SFE']
2024-03-31 10:56:40,761 success fully download : ['https://open.spotify.com/track/5ugcpEprRXs0HnZ1iMFXed']
2024-03-31 10:57:00,816 success fully download : ['https://open.spotify.com/track/0J8oWLQ8wp3xparv98OJsa']
2024-03-31 10:57:24,474 success fully download : ['https://open.spotify.com/track/0AVgSiAUfEnhSma5WN6I1f']
2024-03-31 10:57:46,633 success fully download : ['https://open.spotify.com/track/2avmc6AW7RbsYOC77jJhmi']
2024-03-31 10:58:07,714 success fully download : ['https://open.spotify.com/track/5JhgHKSGGxsAaDJAiLP8OW']
2024-03-31 10:58:30,397 success fully download : ['https://open.spotify.com/track/2c44NyHXDy1lIfuoSOufVi']
2024-03-31 10:58:53,698 success fully download : ['https://open.spotify.com/track/0kAUw5oISoFhmEpDlX5Abg']
2024-03-31 10:59:17,340 success fully download : ['https://open.spotify.com/track/1EDJSktmcGoYEZxXAJXVTt']
2024-03-31 10:59:40,007 success fully download : ['https://open.spotify.com/track/0KRMp8ZfDguS9wiZiOiuAk']
2024-03-31 11:00:02,112 success fully download : ['https://open.spotify.com/track/2Ryzn1QqRKIKbAMNEXbLSB']
2024-03-31 11:00:23,336 success fully download : ['https://open.spotify.com/track/5cz1jba7M09O8WNPXCYddx']
2024-03-31 11:00:44,959 success fully download : ['https://open.spotify.com/track/5bXnD0NJZ1AV0SlrDOUWeh']
2024-03-31 11:01:08,075 success fully download : ['https://open.spotify.com/track/7gEUdaVffLsb2qgdj90cBk']
2024-03-31 11:01:29,660 success fully download : ['https://open.spotify.com/track/7oF6fJDOdiflG6GbYSMeV7']
2024-03-31 11:01:51,787 success fully download : ['https://open.spotify.com/track/5X3dOilXRTEVqyRbZhM49U']
2024-03-31 11:02:13,544 success fully download : ['https://open.spotify.com/track/4tiWlKXUB47UpAXqpfoJn4']
2024-03-31 11:02:35,705 success fully download : ['https://open.spotify.com/track/3S9i1ICfQjMmJYWbtnmN0f']
2024-03-31 11:02:56,847 success fully download : ['https://open.spotify.com/track/6O2cLm5tVQbk5pbHdj1YlO']
2024-03-31 11:03:18,425 success fully download : ['https://open.spotify.com/track/2k6OpEcFV2VvXdVmPRNCiw']
2024-03-31 11:03:40,028 success fully download : ['https://open.spotify.com/track/0zP8VSgyYSVqrSXTYTn9Su']
2024-03-31 11:04:03,709 success fully download : ['https://open.spotify.com/track/7H08E8B32OZ1vJE7AtCwaG']
2024-03-31 11:04:26,799 success fully download : ['https://open.spotify.com/track/2Qr5PWUt8XycAAv338LicY']
2024-03-31 11:04:49,273 success fully download : ['https://open.spotify.com/track/1JKcdDCv8Yk39VRWMxx8Lj']
2024-03-31 11:05:11,441 success fully download : ['https://open.spotify.com/track/7odMKT3Xc4ly8Shy9Iv07h']
2024-03-31 11:05:33,353 success fully download : ['https://open.spotify.com/track/350Chcil9fuAh7OpxwYLi5']
2024-03-31 11:05:55,478 success fully download : ['https://open.spotify.com/track/52NGJPcLUzQq5w7uv4e5gf']
2024-03-31 11:06:16,582 success fully download : ['https://open.spotify.com/track/1OdxQvBNOgCDE3SyqoEDha']
2024-03-31 11:06:37,719 success fully download : ['https://open.spotify.com/track/4qiBiP5cXKG6JZD1sW28u5']
2024-03-31 11:06:59,411 success fully download : ['https://open.spotify.com/track/3JJqdVXy8p9rCtTmlv1mXO']
2024-03-31 11:07:19,476 success fully download : ['https://open.spotify.com/track/5KYOcGJM1wQHwrE6rVfg9y']
2024-03-31 11:07:41,584 success fully download : ['https://open.spotify.com/track/2k3IJR9hf34ZfEnTdlcoSK']
2024-03-31 11:08:14,131 success fully download : ['https://open.spotify.com/track/4SvSeGdlT2mCo92bIFEK0J']
2024-03-31 11:08:34,686 success fully download : ['https://open.spotify.com/track/0jNFDcGAXPs5ahngmD5R6n']
2024-03-31 11:08:55,305 success fully download : ['https://open.spotify.com/track/2OcbewDrWFNTYRqpSzJBCY']
2024-03-31 11:09:18,478 success fully download : ['https://open.spotify.com/track/0HNKMJ2EKCaT2EqcCBj1EH']
2024-03-31 11:09:41,056 success fully download : ['https://open.spotify.com/track/25r6MZ4Gtd76l43qnZI1DG']
2024-03-31 11:10:03,183 success fully download : ['https://open.spotify.com/track/7iC56CDz8miPDKaH0OEIqS']
2024-03-31 11:10:24,892 success fully download : ['https://open.spotify.com/track/2XK2iL9gSAlYIAbklTHxbk']
2024-03-31 11:10:47,599 success fully download : ['https://open.spotify.com/track/0sze9rycXZswg5emYTFklv']
2024-03-31 11:11:20,107 success fully download : ['https://open.spotify.com/track/1HpAxf0kdqZSAisutLE5CW']
2024-03-31 11:11:42,182 success fully download : ['https://open.spotify.com/track/3nfARfVxSqwFahp3yY53aD']
2024-03-31 11:12:04,320 success fully download : ['https://open.spotify.com/track/63oDfrgZRgZrTJE88GGC5I']
2024-03-31 11:12:26,406 success fully download : ['https://open.spotify.com/track/3dVsUkabHea7AVFjm92gZ4']
2024-03-31 11:12:48,048 success fully download : ['https://open.spotify.com/track/7AiN0hMC6PkB59VndNtNsJ']
2024-03-31 11:13:10,130 success fully download : ['https://open.spotify.com/track/4qS2KPWvsQzLvRa9oCHw41']
2024-03-31 11:13:31,537 success fully download : ['https://open.spotify.com/track/2iu60eTIm2py6MaoVMcBAR']
2024-03-31 11:13:55,697 success fully download : ['https://open.spotify.com/track/5q37UhJgXRZwIIkdUGTZFb']
2024-03-31 11:14:20,951 success fully download : ['https://open.spotify.com/track/4q6vO3FbpuburdPkaW1c2B']
2024-03-31 11:14:43,561 success fully download : ['https://open.spotify.com/track/0wCQb79ZshNvjADg0ael7I']
2024-03-31 11:15:05,648 success fully download : ['https://open.spotify.com/track/2xW046pTqKldun5rxhpdvG']
2024-03-31 11:15:29,321 success fully download : ['https://open.spotify.com/track/3okFTOZfAD4lgOigTGrLFl']
2024-03-31 11:16:05,410 success fully download : ['https://open.spotify.com/track/75rGZkn0zM53qS4syYJPzS']
2024-03-31 11:16:28,617 success fully download : ['https://open.spotify.com/track/2yqUK516aGPiNCI8dqrLpZ']
2024-03-31 11:16:51,214 success fully download : ['https://open.spotify.com/track/0uvujCBO7XHSw0yHmL4sWd']
2024-03-31 11:17:13,866 success fully download : ['https://open.spotify.com/track/63VAqRj5PfKI2CZG0WfMk4']
2024-03-31 11:17:36,039 success fully download : ['https://open.spotify.com/track/4lsClVfkoeMZ86Ki9NX6fM']
2024-03-31 11:17:57,659 success fully download : ['https://open.spotify.com/track/5LNi0DUiEQ4Sp6JA5XUSIA']
2024-03-31 11:18:20,778 success fully download : ['https://open.spotify.com/track/140TD0TnDVniQbWx93LJrV']
2024-03-31 11:18:41,942 success fully download : ['https://open.spotify.com/track/1h0pnN5qyrpfQMnwrGzuCu']
2024-03-31 11:19:03,524 success fully download : ['https://open.spotify.com/track/13QU8HBEBaSTZGq1HzQe9S']
2024-03-31 11:19:24,787 success fully download : ['https://open.spotify.com/track/0Li1OuXXfi7950ilZUFGkF']
2024-03-31 11:19:45,923 success fully download : ['https://open.spotify.com/track/527k23H0A4Q0UJN3vGs0Da']
2024-03-31 11:20:07,036 success fully download : ['https://open.spotify.com/track/79EVtighsMYkWahVb9MnF8']
2024-03-31 11:20:28,118 success fully download : ['https://open.spotify.com/track/47IXLhp3c6mu7NqvpuhuLi']
2024-03-31 11:20:51,254 success fully download : ['https://open.spotify.com/track/6Ms3n5sUl0Bzg3bMCtUEAw']
2024-03-31 11:21:13,382 success fully download : ['https://open.spotify.com/track/0paIDUEcixm7WmcC72KgKZ']
2024-03-31 11:21:34,019 success fully download : ['https://open.spotify.com/track/6SPgp2qK3fb4wPX1SldrNf']
2024-03-31 11:21:55,910 success fully download : ['https://open.spotify.com/track/0cbO20ZF2lFflZGnNUHhGB']
2024-03-31 11:22:18,066 success fully download : ['https://open.spotify.com/track/38HkYfvnhHLLB5Yaj2VpZg']
2024-03-31 11:22:40,013 success fully download : ['https://open.spotify.com/track/7AzlLxHn24DxjgQX73F9fU']
2024-03-31 11:23:01,620 success fully download : ['https://open.spotify.com/track/0lihELMzAZylbtPuy7BnQz']
2024-03-31 11:23:23,280 success fully download : ['https://open.spotify.com/track/6FIsKBZc3EHaTvWndQajIF']
2024-03-31 11:23:44,376 success fully download : ['https://open.spotify.com/track/5D8UU0H1l9fuUfvXhNUMqp']
2024-03-31 11:24:06,508 success fully download : ['https://open.spotify.com/track/4DANFfDlHnsYAjWdfFg3ae']
2024-03-31 11:24:29,135 success fully download : ['https://open.spotify.com/track/6QBPIWx7WcAuEzzudRU8pJ']
2024-03-31 11:24:50,703 success fully download : ['https://open.spotify.com/track/2AacZZcUh99xDSh6UI85Yu']
2024-03-31 11:25:12,323 success fully download : ['https://open.spotify.com/track/2goWmTDcUZlGrTrSu2CrGg']
2024-03-31 11:25:33,981 success fully download : ['https://open.spotify.com/track/1Scp8ar1dnJOaSVEMIiB80']
2024-03-31 11:25:56,077 success fully download : ['https://open.spotify.com/track/3CAz01GipLndFoWGYTYFeF']
2024-03-31 11:26:17,186 success fully download : ['https://open.spotify.com/track/5cDaVpePkkYc98ZL1rwxDa']
2024-03-31 11:26:39,837 success fully download : ['https://open.spotify.com/track/3Z7kWeMEAmN5FRs2LDWlCN']
2024-03-31 11:27:00,945 success fully download : ['https://open.spotify.com/track/2YUoLKAoec6DQJK4q8NDvf']
2024-03-31 11:27:23,070 success fully download : ['https://open.spotify.com/track/0TBI2aZeFxIIsmvKiptYey']
2024-03-31 11:27:45,696 success fully download : ['https://open.spotify.com/track/2qTzVCeWC2OY28r7gHagAa']
2024-03-31 11:28:07,865 success fully download : ['https://open.spotify.com/track/6nXVu6bvDi1qYWmlFKnyq7']
2024-03-31 11:28:29,984 success fully download : ['https://open.spotify.com/track/3miA4g5PkFJ5CBehGGMBHC']
2024-03-31 11:28:54,138 success fully download : ['https://open.spotify.com/track/0GmJx5P0UqKx31gK1l7Aih']
2024-03-31 11:29:16,099 success fully download : ['https://open.spotify.com/track/6cqB7mjJyeAdbjPqGHZ2ta']
2024-03-31 11:29:38,304 success fully download : ['https://open.spotify.com/track/0Ntea3SB1jJ0SxRNt5MvjM']
2024-03-31 11:29:58,966 success fully download : ['https://open.spotify.com/track/0j2Lt5qaqEobvoqrqpJlp7']
2024-03-31 11:30:20,313 success fully download : ['https://open.spotify.com/track/3BwIj2cR0kfw72weUiTBaV']
2024-03-31 11:30:41,466 success fully download : ['https://open.spotify.com/track/0PjHA8ONcsmsZ1uuJocHvk']
2024-03-31 11:31:02,646 success fully download : ['https://open.spotify.com/track/6G7qNb02PbK0QdHSfWrXw9']
2024-03-31 11:31:23,723 success fully download : ['https://open.spotify.com/track/7slRFtfc2pQX4Zlsq6XQPB']
2024-03-31 11:31:45,353 success fully download : ['https://open.spotify.com/track/5ANAi9lgrvQKWWOs1dmSx4']
2024-03-31 11:32:06,496 success fully download : ['https://open.spotify.com/track/1MPUTo7WpChI3bHt6uiYkf']
2024-03-31 11:32:27,675 success fully download : ['https://open.spotify.com/track/4AYQjGTjpUvkGzGirYyXUf']
2024-03-31 11:32:49,347 success fully download : ['https://open.spotify.com/track/3shqBR186a2DNoblBfSP2I']
2024-03-31 11:33:11,590 success fully download : ['https://open.spotify.com/track/4Ec0PXsHiXpLIPdU4WqhXS']
2024-03-31 11:33:32,661 success fully download : ['https://open.spotify.com/track/38h6vBzeji6IbCDHIeHvQn']
2024-03-31 11:33:53,773 success fully download : ['https://open.spotify.com/track/0jwuIEA5QStlJN4My9Bx6R']
2024-03-31 11:34:15,098 success fully download : ['https://open.spotify.com/track/3ggU3FQPiMuRTA8pVxIdd5']
2024-03-31 11:34:37,254 success fully download : ['https://open.spotify.com/track/2e3rKzmueN7uwM8mImqHZA']
2024-03-31 11:34:58,911 success fully download : ['https://open.spotify.com/track/5xBA0f23BjhVtgPxX94Hlc']
2024-03-31 11:35:20,024 success fully download : ['https://open.spotify.com/track/6FRomZb5UzBc0t3zMnPK9D']
2024-03-31 11:35:41,858 success fully download : ['https://open.spotify.com/track/6kj0N6sp7mSONhIcBaiVc0']
2024-03-31 11:36:02,933 success fully download : ['https://open.spotify.com/track/3h3bnHxQDNFPAToG8jSJ5W']
2024-03-31 11:36:25,031 success fully download : ['https://open.spotify.com/track/5Rz8pyTAFvEMGIkeTpMqVm']
2024-03-31 11:36:47,695 success fully download : ['https://open.spotify.com/track/0nnZMoKzOg9cLfF5SrRD2Z']
2024-03-31 11:37:08,784 success fully download : ['https://open.spotify.com/track/3ATYEwUKUDn6IotwlfVaSl']
2024-03-31 11:37:29,946 success fully download : ['https://open.spotify.com/track/6jNorVw9UqIqmfl4kV0OGz']
2024-03-31 11:37:51,601 success fully download : ['https://open.spotify.com/track/5CI4P97F6XAwK1kGnFYC0k']
2024-03-31 11:38:13,794 success fully download : ['https://open.spotify.com/track/5cx2X3RlGDk6g4DkPq4NYw']
2024-03-31 11:38:35,268 success fully download : ['https://open.spotify.com/track/417YLEvDX9igfVVam9Q9r2']
2024-03-31 11:38:57,861 success fully download : ['https://open.spotify.com/track/0WA4APfzK7Y1pdzhvyhSwD']
2024-03-31 11:39:19,428 success fully download : ['https://open.spotify.com/track/5ewG6IYTxInnDY7NjrjT2p']
2024-03-31 11:39:40,048 success fully download : ['https://open.spotify.com/track/4KH2xxnlvlE1koTS6OZSD8']
2024-03-31 11:40:00,593 success fully download : ['https://open.spotify.com/track/661jfbTXKineenP6SM4ST3']
2024-03-31 11:40:21,629 success fully download : ['https://open.spotify.com/track/7p9WoegkxkI0XdxdV3W9G9']
2024-03-31 11:40:43,251 success fully download : ['https://open.spotify.com/track/740ESzmv63NrkPcpjjlWUY']
2024-03-31 11:41:05,408 success fully download : ['https://open.spotify.com/track/5HRXn4V1qL4CFNizMsFrTy']
2024-03-31 11:41:27,556 success fully download : ['https://open.spotify.com/track/6PbFP924gAVjZtA4AL6SBh']
2024-03-31 11:41:49,225 success fully download : ['https://open.spotify.com/track/0BAP6JdeHYjEu6rw7hTeTZ']
2024-03-31 11:42:11,356 success fully download : ['https://open.spotify.com/track/4wTln8szV0f7JqLLTeDHwH']
2024-03-31 11:42:31,972 success fully download : ['https://open.spotify.com/track/1XcAUtiE2uSsXTTsTMGq9O']
2024-03-31 11:42:54,123 success fully download : ['https://open.spotify.com/track/4JSLyRQtEqgDSgbtUQLsYK']
2024-03-31 11:43:15,367 success fully download : ['https://open.spotify.com/track/2dYXcJZTS4uQ0DYZdMExFt']
2024-03-31 11:43:37,011 success fully download : ['https://open.spotify.com/track/3ce5Rip6hZX7Ub1mvOQnCn']
2024-03-31 11:43:56,615 success fully download : ['https://open.spotify.com/track/2VfKt0yAOgZK22xTHfc5NY']
2024-03-31 11:44:17,186 success fully download : ['https://open.spotify.com/track/5HjvtH7aRrYZMH6AIGKHy8']
2024-03-31 11:44:37,771 success fully download : ['https://open.spotify.com/track/3Xp7ctMGuyhU8riWFR6a36']
2024-03-31 11:44:58,880 success fully download : ['https://open.spotify.com/track/7iTrg4XoYMczisIbijkVVp']
2024-03-31 11:45:20,991 success fully download : ['https://open.spotify.com/track/6ecjl8XGmkzyZ1MXtZTaTa']
2024-03-31 11:45:41,657 success fully download : ['https://open.spotify.com/track/2GYOQSptG986qizKejotzz']
2024-03-31 11:46:02,901 success fully download : ['https://open.spotify.com/track/3sPxerxOAySc16CAA4pT2h']
2024-03-31 11:46:23,919 success fully download : ['https://open.spotify.com/track/6ftxKBXLuvcu8k8A0YDxnW']
2024-03-31 11:46:44,991 success fully download : ['https://open.spotify.com/track/13ZXI282fpfTXo6fq2B7ZL']
2024-03-31 11:47:06,015 success fully download : ['https://open.spotify.com/track/7BtoQXPSBajXYhiXrgwbZE']
2024-03-31 11:47:26,579 success fully download : ['https://open.spotify.com/track/1GgGnCoDYNOGqWFcjLHHjN']
2024-03-31 11:47:48,172 success fully download : ['https://open.spotify.com/track/70s6sjmAufVAw48vc3sU9y']
2024-03-31 11:48:09,262 success fully download : ['https://open.spotify.com/track/1UEw7bCkoo410Pkk0IxJg0']
2024-03-31 11:48:29,319 success fully download : ['https://open.spotify.com/track/1ioX3b2FBevurHeFZZO1F6']
2024-03-31 11:48:50,004 success fully download : ['https://open.spotify.com/track/0AIj49EWMEMZYnXevSP6Si']
2024-03-31 11:49:12,697 success fully download : ['https://open.spotify.com/track/5Vk6cqS63O1PU2P8ExSOjo']
2024-03-31 11:49:32,749 success fully download : ['https://open.spotify.com/track/78dCQH5qMgjShtUVPKmAm8']
2024-03-31 11:49:53,272 success fully download : ['https://open.spotify.com/track/1U6Qqq2JQzOWoHYqtG7pYO']
2024-03-31 11:50:14,371 success fully download : ['https://open.spotify.com/track/0bMyxvtbPa7HFemLjzw0xX']
2024-03-31 11:50:36,452 success fully download : ['https://open.spotify.com/track/2dVZ1zcM2BYvXaQYTuIjZM']
2024-03-31 11:50:58,039 success fully download : ['https://open.spotify.com/track/0YFwNNWeRQhOi6p17jTCzp']
2024-03-31 11:51:19,602 success fully download : ['https://open.spotify.com/track/4SHKs8ugjoATC3MgVym7Gs']
2024-03-31 11:51:48,469 success fully download : ['https://open.spotify.com/track/4x3mum2YGHtIBrgUKiNt4F']
2024-03-31 11:52:09,598 success fully download : ['https://open.spotify.com/track/6AyXdUH0gnVrJFQb7L7rkI']
2024-03-31 11:52:31,225 success fully download : ['https://open.spotify.com/track/0za3xlvxHtNHgn8XZd3ZjC']
2024-03-31 11:52:53,345 success fully download : ['https://open.spotify.com/track/5ZcpfDWv2zKafW0e7JZn02']
2024-03-31 11:53:14,472 success fully download : ['https://open.spotify.com/track/4fnVIEATTg8cH6rx1yeTRO']
2024-03-31 11:53:35,514 success fully download : ['https://open.spotify.com/track/2KuvxztaTuhjIdQrXMrmoN']
2024-03-31 11:53:56,300 success fully download : ['https://open.spotify.com/track/6IY2DE5Fz6rfk6M9a9fDVo']
2024-03-31 11:54:15,873 success fully download : ['https://open.spotify.com/track/7y7N6RYMGY4qAlWexQ7wFV']
2024-03-31 11:54:37,425 success fully download : ['https://open.spotify.com/track/5zKlUZrOViLs7W0L5o1gPp']
2024-03-31 11:54:57,960 success fully download : ['https://open.spotify.com/track/1ofWNVjSh0pYkRFSsGmC3M']
2024-03-31 11:55:19,103 success fully download : ['https://open.spotify.com/track/0RT6sfjay47URb9i7ETFK4']
2024-03-31 11:55:40,743 success fully download : ['https://open.spotify.com/track/7c7eMfeLk1wzH1XqUMklcr']
2024-03-31 11:56:02,874 success fully download : ['https://open.spotify.com/track/7BM6RahGI2U2CejVFdTY23']
2024-03-31 11:56:24,514 success fully download : ['https://open.spotify.com/track/1Mwt2DaHmyIHIESfHOJMWu']
2024-03-31 11:56:45,554 success fully download : ['https://open.spotify.com/track/3kaEdl52AHL0d1BYMghAde']
2024-03-31 11:57:07,173 success fully download : ['https://open.spotify.com/track/0Hlgu5loP4S9iF3HOrQSMw']
2024-03-31 11:57:28,224 success fully download : ['https://open.spotify.com/track/2MFaWtVFHJ9KNdpArq0AGW']
2024-03-31 11:57:49,286 success fully download : ['https://open.spotify.com/track/4IGqiXs939Hh4uK0DW3iLo']
2024-03-31 11:58:10,346 success fully download : ['https://open.spotify.com/track/67kmAZehpUrZFQpNa412pn']
2024-03-31 11:58:31,465 success fully download : ['https://open.spotify.com/track/6R9N1mx8PabU29VE6G55D1']
2024-03-31 11:58:53,096 success fully download : ['https://open.spotify.com/track/1DQTg7eCZJmq63TsJM8sEJ']
2024-03-31 11:59:14,790 success fully download : ['https://open.spotify.com/track/0zFuiliMFNQ36pO6oBrSzo']
2024-03-31 11:59:36,453 success fully download : ['https://open.spotify.com/track/76Vq7DmloICFTMxgsRuec1']
2024-03-31 11:59:58,059 success fully download : ['https://open.spotify.com/track/1oyHf2Z8I7wxOOBNkI9aQG']
2024-03-31 12:00:19,081 success fully download : ['https://open.spotify.com/track/50DtPsK4axb0F3ZjeMSIS6']
2024-03-31 12:00:40,233 success fully download : ['https://open.spotify.com/track/0P4SiTpHMr5thEKGtsGWqi']
2024-03-31 12:01:01,164 success fully download : ['https://open.spotify.com/track/73vjxsZLOjYoE4CaOXJKFz']
2024-03-31 12:01:23,772 success fully download : ['https://open.spotify.com/track/3i9kWYmrQNEC69zjhCUWs1']
2024-03-31 12:01:44,872 success fully download : ['https://open.spotify.com/track/3p6aRY0ePa28UM85z9X8iS']
2024-03-31 12:02:05,482 success fully download : ['https://open.spotify.com/track/29eSqQBrdva2tPLYMneFzP']
2024-03-31 12:02:27,251 success fully download : ['https://open.spotify.com/track/2AEtYwT9qg2eY6G9m8wOxW']
2024-03-31 12:02:48,298 success fully download : ['https://open.spotify.com/track/7IMwEtpAiJanqF6vQteZN2']
2024-03-31 12:03:08,913 success fully download : ['https://open.spotify.com/track/6xWqaVbmZJqEbUpFlIGiHK']
2024-03-31 12:03:31,050 success fully download : ['https://open.spotify.com/track/6KhmSJf9FvdAcq1tr8LcYD']
2024-03-31 12:03:52,649 success fully download : ['https://open.spotify.com/track/6NzuJWrNriXAbSmscAuSIq']
2024-03-31 12:04:13,744 success fully download : ['https://open.spotify.com/track/2oPQVgCTYqA4FBknwAroWf']
2024-03-31 12:04:35,883 success fully download : ['https://open.spotify.com/track/3JtAkTDcbFJ3jqamRGtLj8']
2024-03-31 12:04:56,964 success fully download : ['https://open.spotify.com/track/6LUE5WlMgrpLouGxzJAUVv']
2024-03-31 12:05:18,552 success fully download : ['https://open.spotify.com/track/40DbNmwrqns3YSYiWBRsXL']
2024-03-31 12:05:39,666 success fully download : ['https://open.spotify.com/track/67LB1vZuG114LqRN8h8bQ2']
2024-03-31 12:06:00,692 success fully download : ['https://open.spotify.com/track/2clQy4kJpJeypgc365VW4H']
2024-03-31 12:06:23,353 success fully download : ['https://open.spotify.com/track/6YgrljJlEvTQonUIw0KXwm']
2024-03-31 12:06:44,434 success fully download : ['https://open.spotify.com/track/0t2jVbVhmKevRjLFzIsg23']
2024-03-31 12:07:05,997 success fully download : ['https://open.spotify.com/track/4ulSNRO7AfjfwHXT7wQdf0']
2024-03-31 12:07:27,629 success fully download : ['https://open.spotify.com/track/3D1RicOEL8lpf4MIuKc3qj']
2024-03-31 12:07:49,043 success fully download : ['https://open.spotify.com/track/7AhIsnoMN23uafnCQWTc0l']
2024-03-31 12:08:10,171 success fully download : ['https://open.spotify.com/track/0iIUmsrVL2sgGnX33oDsC7']
2024-03-31 12:08:32,845 success fully download : ['https://open.spotify.com/track/0zVDNjVPGARqeYN7tOHd9C']
2024-03-31 12:08:54,400 success fully download : ['https://open.spotify.com/track/0iVWDZhL04DiKgbI1mbC40']
2024-03-31 12:09:15,985 success fully download : ['https://open.spotify.com/track/5rU6kDNXZLXIinFezpbWbO']
2024-03-31 12:09:37,603 success fully download : ['https://open.spotify.com/track/7l6LAnuiX2o48fwUQIhDNv']
2024-03-31 12:10:00,338 success fully download : ['https://open.spotify.com/track/4hqOmrCCJKyiuwDexd8c2t']
2024-03-31 12:10:21,897 success fully download : ['https://open.spotify.com/track/4m21W5fWeVx63he1dNgGlM']
2024-03-31 12:10:42,570 success fully download : ['https://open.spotify.com/track/1KAObz8ZfyuMj4YTxHIrfA']
2024-03-31 12:11:04,120 success fully download : ['https://open.spotify.com/track/0BDDB65zAWJ1nQYyIgnZcj']
2024-03-31 12:11:26,723 success fully download : ['https://open.spotify.com/track/5PFfxZ9WezcE8JiUWLsyus']
2024-03-31 12:11:49,323 success fully download : ['https://open.spotify.com/track/03Q1Tz2OxlA3sRrbXxmG3V']
2024-03-31 12:12:11,450 success fully download : ['https://open.spotify.com/track/03yX0WgZGT6DM3GNLSu4f1']
2024-03-31 12:12:33,121 success fully download : ['https://open.spotify.com/track/1pGcfOz4p1Ds35ICL0lX5k']
2024-03-31 12:12:54,342 success fully download : ['https://open.spotify.com/track/19CWeHbg3Z9XJH4Uzdk6tf']
2024-03-31 12:13:16,453 success fully download : ['https://open.spotify.com/track/6jChisgoIfN75H4RMcGvfL']
2024-03-31 12:13:37,551 success fully download : ['https://open.spotify.com/track/4odbaySGxXOgH7ISBUfgvg']
2024-03-31 12:13:58,176 success fully download : ['https://open.spotify.com/track/4xyhmhurbsNC0cYaAgAxt1']
2024-03-31 12:14:20,424 success fully download : ['https://open.spotify.com/track/3KkWGDCb6byHjNYjxBihGK']
2024-03-31 12:14:41,988 success fully download : ['https://open.spotify.com/track/4Mh7CPtUTbF72KSFxlUn13']
2024-03-31 12:15:03,129 success fully download : ['https://open.spotify.com/track/6oHalJC4hM1cS4tt6fhzLH']
2024-03-31 12:15:24,714 success fully download : ['https://open.spotify.com/track/7GNlNNDvM7c9fsv3zsmVQX']
2024-03-31 12:15:46,375 success fully download : ['https://open.spotify.com/track/0Cgig1rlaJEJ6bkHVV5v9o']
2024-03-31 12:16:10,067 success fully download : ['https://open.spotify.com/track/2gNIhXbE588DkW7Za7ruax']
2024-03-31 12:16:32,170 success fully download : ['https://open.spotify.com/track/3NelcGZ46JmV9LqOD1pnxA']
2024-03-31 12:16:55,296 success fully download : ['https://open.spotify.com/track/6nO3tr47nr2P7f3hXb8JIo']
2024-03-31 12:17:17,994 success fully download : ['https://open.spotify.com/track/09L4qpS3qvz725z6K8yW0M']
2024-03-31 12:18:20,976 success fully download : ['https://open.spotify.com/track/1Faq8G2y56A8fRv7HsLq25']
2024-03-31 12:18:43,013 success fully download : ['https://open.spotify.com/track/3jlakYV0x21kzZvR1HUE4X']
2024-03-31 12:19:05,061 success fully download : ['https://open.spotify.com/track/4JjerUTEnRGocSRT74VsaH']
2024-03-31 12:19:26,648 success fully download : ['https://open.spotify.com/track/4LeJfeJ9u53QLp997SRhim']
2024-03-31 12:19:50,268 success fully download : ['https://open.spotify.com/track/6UG2khzlXwwiqfqX36c2SR']
2024-03-31 12:20:11,355 success fully download : ['https://open.spotify.com/track/5Od0M7jp6IODTPW0cygHgu']
2024-03-31 12:20:35,502 success fully download : ['https://open.spotify.com/track/6HbGKJJqQ67K2TwzOndeTj']
2024-03-31 12:20:56,555 success fully download : ['https://open.spotify.com/track/0gHcxtyWQT0HrlGxaxP1KT']
2024-03-31 12:21:18,621 success fully download : ['https://open.spotify.com/track/4EbULzyWMuFx94aoIY1MlJ']
2024-03-31 12:21:40,188 success fully download : ['https://open.spotify.com/track/0jiW3PNiHJxOhWh9oPBJ7m']
2024-03-31 12:22:02,793 success fully download : ['https://open.spotify.com/track/3JWh19WsndEFg0UFRFeTiU']
2024-03-31 12:22:24,871 success fully download : ['https://open.spotify.com/track/4KvXkK07Xyxix6k4Hi60Ia']
2024-03-31 12:22:45,907 success fully download : ['https://open.spotify.com/track/0ttf5LBdTiu8GSQH7J1jJW']
2024-03-31 12:23:08,353 success fully download : ['https://open.spotify.com/track/0RRAHU9Dkui4ZuroPk7XF3']
2024-03-31 12:23:30,365 success fully download : ['https://open.spotify.com/track/1xpXnpIpuvzpx9jz15baJF']
2024-03-31 12:23:51,874 success fully download : ['https://open.spotify.com/track/727Ya71RqL4oMkSLly18sA']
